[2020-06-05 20:56:44,206] {taskinstance.py:669} INFO - Dependencies all met for <TaskInstance: ml_pipeline.train 2020-06-05T20:55:29.312218+00:00 [queued]>
[2020-06-05 20:56:44,215] {taskinstance.py:669} INFO - Dependencies all met for <TaskInstance: ml_pipeline.train 2020-06-05T20:55:29.312218+00:00 [queued]>
[2020-06-05 20:56:44,215] {taskinstance.py:879} INFO - 
--------------------------------------------------------------------------------
[2020-06-05 20:56:44,215] {taskinstance.py:880} INFO - Starting attempt 1 of 4
[2020-06-05 20:56:44,215] {taskinstance.py:881} INFO - 
--------------------------------------------------------------------------------
[2020-06-05 20:56:44,225] {taskinstance.py:900} INFO - Executing <Task(BashOperator): train> on 2020-06-05T20:55:29.312218+00:00
[2020-06-05 20:56:44,228] {standard_task_runner.py:53} INFO - Started process 26113 to run task
[2020-06-05 20:56:44,279] {logging_mixin.py:112} INFO - Running %s on host %s <TaskInstance: ml_pipeline.train 2020-06-05T20:55:29.312218+00:00 [running]> airflow.us-central1-a.c.greenr-276821.internal
[2020-06-05 20:56:44,291] {bash_operator.py:82} INFO - Tmp dir root location: 
 /tmp
[2020-06-05 20:56:44,291] {bash_operator.py:105} INFO - Temporary script location: /tmp/airflowtmp4cebwm4p/train3liuof1k
[2020-06-05 20:56:44,292] {bash_operator.py:115} INFO - Running command: python3 /home/binhphansamsung/airflow/scripts/train.py
[2020-06-05 20:56:44,298] {bash_operator.py:122} INFO - Output:
[2020-06-05 20:56:48,529] {bash_operator.py:126} INFO - █epoch     train_loss  valid_loss  error_rate  time
[2020-06-05 20:58:37,452] {bash_operator.py:126} INFO - █/home/binhphansamsung/.local/lib/python3.6/site-packages/torch/nn/functional.py:2854: UserWarning: The default behavior for interpolate/upsample with float scale_factor will change in 1.6.0 to align with other frameworks/libraries, and use scale_factor directly, instead of relying on the computed output size. If you wish to keep the old behavior, please set recompute_scale_factor=True. See the documentation of nn.Upsample for details.
[2020-06-05 20:58:37,453] {bash_operator.py:126} INFO -   warnings.warn("The default behavior for interpolate/upsample with float scale_factor will change "
[2020-06-05 20:58:37,453] {bash_operator.py:126} INFO - /home/binhphansamsung/.local/lib/python3.6/site-packages/torch/nn/functional.py:2854: UserWarning: The default behavior for interpolate/upsample with float scale_factor will change in 1.6.0 to align with other frameworks/libraries, and use scale_factor directly, instead of relying on the computed output size. If you wish to keep the old behavior, please set recompute_scale_factor=True. See the documentation of nn.Upsample for details.
[2020-06-05 20:58:37,453] {bash_operator.py:126} INFO -   warnings.warn("The default behavior for interpolate/upsample with float scale_factor will change "
[2020-06-05 20:58:37,453] {bash_operator.py:126} INFO - /home/binhphansamsung/.local/lib/python3.6/site-packages/torch/nn/functional.py:2854: UserWarning: The default behavior for interpolate/upsample with float scale_factor will change in 1.6.0 to align with other frameworks/libraries, and use scale_factor directly, instead of relying on the computed output size. If you wish to keep the old behavior, please set recompute_scale_factor=True. See the documentation of nn.Upsample for details.
[2020-06-05 20:58:37,453] {bash_operator.py:126} INFO -   warnings.warn("The default behavior for interpolate/upsample with float scale_factor will change "
[2020-06-05 20:58:50,308] {bash_operator.py:126} INFO - █0         1.088483    0.759621    0.175000    02:01
[2020-06-05 21:00:39,480] {bash_operator.py:126} INFO - █/home/binhphansamsung/.local/lib/python3.6/site-packages/torch/nn/functional.py:2854: UserWarning: The default behavior for interpolate/upsample with float scale_factor will change in 1.6.0 to align with other frameworks/libraries, and use scale_factor directly, instead of relying on the computed output size. If you wish to keep the old behavior, please set recompute_scale_factor=True. See the documentation of nn.Upsample for details.
[2020-06-05 21:00:39,571] {bash_operator.py:126} INFO -   warnings.warn("The default behavior for interpolate/upsample with float scale_factor will change "
[2020-06-05 21:00:39,571] {bash_operator.py:126} INFO - /home/binhphansamsung/.local/lib/python3.6/site-packages/torch/nn/functional.py:2854: UserWarning: The default behavior for interpolate/upsample with float scale_factor will change in 1.6.0 to align with other frameworks/libraries, and use scale_factor directly, instead of relying on the computed output size. If you wish to keep the old behavior, please set recompute_scale_factor=True. See the documentation of nn.Upsample for details.
[2020-06-05 21:00:39,571] {bash_operator.py:126} INFO -   warnings.warn("The default behavior for interpolate/upsample with float scale_factor will change "
[2020-06-05 21:00:39,571] {bash_operator.py:126} INFO - /home/binhphansamsung/.local/lib/python3.6/site-packages/torch/nn/functional.py:2854: UserWarning: The default behavior for interpolate/upsample with float scale_factor will change in 1.6.0 to align with other frameworks/libraries, and use scale_factor directly, instead of relying on the computed output size. If you wish to keep the old behavior, please set recompute_scale_factor=True. See the documentation of nn.Upsample for details.
[2020-06-05 21:00:39,571] {bash_operator.py:126} INFO -   warnings.warn("The default behavior for interpolate/upsample with float scale_factor will change "
[2020-06-05 21:00:53,186] {bash_operator.py:126} INFO - █1         0.719383    0.118842    0.025000    02:02
[2020-06-05 21:02:59,895] {bash_operator.py:126} INFO - █/home/binhphansamsung/.local/lib/python3.6/site-packages/torch/nn/functional.py:2854: UserWarning: The default behavior for interpolate/upsample with float scale_factor will change in 1.6.0 to align with other frameworks/libraries, and use scale_factor directly, instead of relying on the computed output size. If you wish to keep the old behavior, please set recompute_scale_factor=True. See the documentation of nn.Upsample for details.
[2020-06-05 21:03:00,398] {bash_operator.py:126} INFO -   warnings.warn("The default behavior for interpolate/upsample with float scale_factor will change "
[2020-06-05 21:03:00,404] {bash_operator.py:126} INFO - /home/binhphansamsung/.local/lib/python3.6/site-packages/torch/nn/functional.py:2854: UserWarning: The default behavior for interpolate/upsample with float scale_factor will change in 1.6.0 to align with other frameworks/libraries, and use scale_factor directly, instead of relying on the computed output size. If you wish to keep the old behavior, please set recompute_scale_factor=True. See the documentation of nn.Upsample for details.
[2020-06-05 21:03:00,419] {bash_operator.py:126} INFO -   warnings.warn("The default behavior for interpolate/upsample with float scale_factor will change "
[2020-06-05 21:03:00,420] {bash_operator.py:126} INFO - /home/binhphansamsung/.local/lib/python3.6/site-packages/torch/nn/functional.py:2854: UserWarning: The default behavior for interpolate/upsample with float scale_factor will change in 1.6.0 to align with other frameworks/libraries, and use scale_factor directly, instead of relying on the computed output size. If you wish to keep the old behavior, please set recompute_scale_factor=True. See the documentation of nn.Upsample for details.
[2020-06-05 21:03:00,420] {bash_operator.py:126} INFO -   warnings.warn("The default behavior for interpolate/upsample with float scale_factor will change "
[2020-06-05 21:03:22,551] {bash_operator.py:126} INFO - █2         0.520479    0.075455    0.037500    02:29
[2020-06-05 21:05:20,780] {bash_operator.py:126} INFO - █/home/binhphansamsung/.local/lib/python3.6/site-packages/torch/nn/functional.py:2854: UserWarning: The default behavior for interpolate/upsample with float scale_factor will change in 1.6.0 to align with other frameworks/libraries, and use scale_factor directly, instead of relying on the computed output size. If you wish to keep the old behavior, please set recompute_scale_factor=True. See the documentation of nn.Upsample for details.
[2020-06-05 21:05:20,780] {bash_operator.py:126} INFO -   warnings.warn("The default behavior for interpolate/upsample with float scale_factor will change "
[2020-06-05 21:05:20,797] {bash_operator.py:126} INFO - /home/binhphansamsung/.local/lib/python3.6/site-packages/torch/nn/functional.py:2854: UserWarning: The default behavior for interpolate/upsample with float scale_factor will change in 1.6.0 to align with other frameworks/libraries, and use scale_factor directly, instead of relying on the computed output size. If you wish to keep the old behavior, please set recompute_scale_factor=True. See the documentation of nn.Upsample for details.
[2020-06-05 21:05:20,798] {bash_operator.py:126} INFO -   warnings.warn("The default behavior for interpolate/upsample with float scale_factor will change "
[2020-06-05 21:05:20,798] {bash_operator.py:126} INFO - /home/binhphansamsung/.local/lib/python3.6/site-packages/torch/nn/functional.py:2854: UserWarning: The default behavior for interpolate/upsample with float scale_factor will change in 1.6.0 to align with other frameworks/libraries, and use scale_factor directly, instead of relying on the computed output size. If you wish to keep the old behavior, please set recompute_scale_factor=True. See the documentation of nn.Upsample for details.
[2020-06-05 21:05:20,798] {bash_operator.py:126} INFO -   warnings.warn("The default behavior for interpolate/upsample with float scale_factor will change "
[2020-06-05 21:05:40,601] {bash_operator.py:126} INFO - █3         0.406522    0.077209    0.037500    02:13
[2020-06-05 21:05:59,287] {bash_operator.py:130} INFO - Command exited with return code 0
[2020-06-05 21:06:05,087] {taskinstance.py:1065} INFO - Marking task as SUCCESS.dag_id=ml_pipeline, task_id=train, execution_date=20200605T205529, start_date=20200605T205644, end_date=20200605T210604
