[2020-06-05 20:29:43,199] {taskinstance.py:669} INFO - Dependencies all met for <TaskInstance: ml_pipeline.download_images 2020-06-05T20:28:57.737907+00:00 [queued]>
[2020-06-05 20:29:43,206] {taskinstance.py:669} INFO - Dependencies all met for <TaskInstance: ml_pipeline.download_images 2020-06-05T20:28:57.737907+00:00 [queued]>
[2020-06-05 20:29:43,206] {taskinstance.py:879} INFO - 
--------------------------------------------------------------------------------
[2020-06-05 20:29:43,206] {taskinstance.py:880} INFO - Starting attempt 1 of 2
[2020-06-05 20:29:43,206] {taskinstance.py:881} INFO - 
--------------------------------------------------------------------------------
[2020-06-05 20:29:43,216] {taskinstance.py:900} INFO - Executing <Task(BashOperator): download_images> on 2020-06-05T20:28:57.737907+00:00
[2020-06-05 20:29:43,219] {standard_task_runner.py:53} INFO - Started process 22624 to run task
[2020-06-05 20:29:43,268] {logging_mixin.py:112} INFO - Running %s on host %s <TaskInstance: ml_pipeline.download_images 2020-06-05T20:28:57.737907+00:00 [running]> airflow.us-central1-a.c.greenr-276821.internal
[2020-06-05 20:29:43,279] {bash_operator.py:82} INFO - Tmp dir root location: 
 /tmp
[2020-06-05 20:29:43,280] {bash_operator.py:105} INFO - Temporary script location: /tmp/airflowtmp4zhsfkf0/download_imagesm2vnhbkb
[2020-06-05 20:29:43,280] {bash_operator.py:115} INFO - Running command: python3 /home/binhphansamsung/airflow/scripts/download_images.py
[2020-06-05 20:29:43,287] {bash_operator.py:122} INFO - Output:
[2020-06-05 20:29:47,438] {bash_operator.py:126} INFO - █Error  Invalid URL '': No schema supplied. Perhaps you meant http://?
[2020-06-05 20:29:47,438] {bash_operator.py:126} INFO - Error  Invalid URL '': No schema supplied. Perhaps you meant http://?
[2020-06-05 20:29:47,438] {bash_operator.py:126} INFO - Error  Invalid URL '': No schema supplied. Perhaps you meant http://?
[2020-06-05 20:29:47,438] {bash_operator.py:126} INFO - Error  Invalid URL '': No schema supplied. Perhaps you meant http://?
[2020-06-05 20:29:47,438] {bash_operator.py:126} INFO - Error  Invalid URL '': No schema supplied. Perhaps you meant http://?
[2020-06-05 20:29:47,450] {bash_operator.py:126} INFO - Error  Invalid URL '': No schema supplied. Perhaps you meant http://?
[2020-06-05 20:29:47,450] {bash_operator.py:126} INFO - Error  Invalid URL '': No schema supplied. Perhaps you meant http://?
[2020-06-05 20:29:47,450] {bash_operator.py:126} INFO - Error  Invalid URL '': No schema supplied. Perhaps you meant http://?
[2020-06-05 20:29:47,450] {bash_operator.py:126} INFO - Error  Invalid URL '': No schema supplied. Perhaps you meant http://?
[2020-06-05 20:29:47,450] {bash_operator.py:126} INFO - Error  Invalid URL '': No schema supplied. Perhaps you meant http://?
[2020-06-05 20:29:47,450] {bash_operator.py:126} INFO - Error  Invalid URL '': No schema supplied. Perhaps you meant http://?
[2020-06-05 20:29:47,450] {bash_operator.py:126} INFO - Error  Invalid URL '': No schema supplied. Perhaps you meant http://?
[2020-06-05 20:29:47,450] {bash_operator.py:126} INFO - Error  Invalid URL '': No schema supplied. Perhaps you meant http://?
[2020-06-05 20:29:47,450] {bash_operator.py:126} INFO - Error  Invalid URL '': No schema supplied. Perhaps you meant http://?
[2020-06-05 20:29:47,451] {bash_operator.py:126} INFO - Error  Invalid URL '': No schema supplied. Perhaps you meant http://?
[2020-06-05 20:29:47,451] {bash_operator.py:126} INFO - Error  Invalid URL '': No schema supplied. Perhaps you meant http://?
[2020-06-05 20:29:47,451] {bash_operator.py:126} INFO - Error  Invalid URL '': No schema supplied. Perhaps you meant http://?
[2020-06-05 20:29:47,451] {bash_operator.py:126} INFO - Error  Invalid URL '': No schema supplied. Perhaps you meant http://?
[2020-06-05 20:29:47,451] {bash_operator.py:126} INFO - Error  Invalid URL '': No schema supplied. Perhaps you meant http://?
[2020-06-05 20:29:47,451] {bash_operator.py:126} INFO - Error  Invalid URL '': No schema supplied. Perhaps you meant http://?
[2020-06-05 20:29:47,451] {bash_operator.py:126} INFO - Error  Invalid URL '': No schema supplied. Perhaps you meant http://?
[2020-06-05 20:29:47,451] {bash_operator.py:126} INFO - Error  Invalid URL '': No schema supplied. Perhaps you meant http://?
[2020-06-05 20:29:47,451] {bash_operator.py:126} INFO - Error  Invalid URL '': No schema supplied. Perhaps you meant http://?
[2020-06-05 20:29:47,451] {bash_operator.py:126} INFO - Error  Invalid URL '': No schema supplied. Perhaps you meant http://?
[2020-06-05 20:29:47,451] {bash_operator.py:126} INFO - Error  Invalid URL '': No schema supplied. Perhaps you meant http://?
[2020-06-05 20:29:47,451] {bash_operator.py:126} INFO - Error  Invalid URL '': No schema supplied. Perhaps you meant http://?
[2020-06-05 20:29:47,451] {bash_operator.py:126} INFO - Error  Invalid URL '': No schema supplied. Perhaps you meant http://?
[2020-06-05 20:29:47,451] {bash_operator.py:126} INFO - Error  Invalid URL '': No schema supplied. Perhaps you meant http://?
[2020-06-05 20:29:47,451] {bash_operator.py:126} INFO - Error  Invalid URL '': No schema supplied. Perhaps you meant http://?
[2020-06-05 20:29:47,451] {bash_operator.py:126} INFO - Error  Invalid URL '': No schema supplied. Perhaps you meant http://?
[2020-06-05 20:29:47,451] {bash_operator.py:126} INFO - Error  Invalid URL '': No schema supplied. Perhaps you meant http://?
[2020-06-05 20:29:47,451] {bash_operator.py:126} INFO - Error  Invalid URL '': No schema supplied. Perhaps you meant http://?
[2020-06-05 20:29:47,451] {bash_operator.py:126} INFO - Error  Invalid URL '': No schema supplied. Perhaps you meant http://?
[2020-06-05 20:29:47,451] {bash_operator.py:126} INFO - Error  Invalid URL '': No schema supplied. Perhaps you meant http://?
[2020-06-05 20:29:47,451] {bash_operator.py:126} INFO - Error  Invalid URL '': No schema supplied. Perhaps you meant http://?
[2020-06-05 20:29:47,451] {bash_operator.py:126} INFO - Error  Invalid URL '': No schema supplied. Perhaps you meant http://?
[2020-06-05 20:29:47,451] {bash_operator.py:126} INFO - Error  Invalid URL '': No schema supplied. Perhaps you meant http://?
[2020-06-05 20:29:47,451] {bash_operator.py:126} INFO - Error  Invalid URL '': No schema supplied. Perhaps you meant http://?
[2020-06-05 20:29:47,451] {bash_operator.py:126} INFO - Error  Invalid URL '': No schema supplied. Perhaps you meant http://?
[2020-06-05 20:29:47,451] {bash_operator.py:126} INFO - Error  Invalid URL '': No schema supplied. Perhaps you meant http://?
[2020-06-05 20:29:49,544] {bash_operator.py:126} INFO - █Error  Invalid URL '': No schema supplied. Perhaps you meant http://?
[2020-06-05 20:29:49,544] {bash_operator.py:126} INFO - Error  Invalid URL '': No schema supplied. Perhaps you meant http://?
[2020-06-05 20:29:49,544] {bash_operator.py:126} INFO - Error  Invalid URL '': No schema supplied. Perhaps you meant http://?
[2020-06-05 20:29:49,544] {bash_operator.py:126} INFO - Error  Invalid URL '': No schema supplied. Perhaps you meant http://?
[2020-06-05 20:29:49,544] {bash_operator.py:126} INFO - Error  Invalid URL '': No schema supplied. Perhaps you meant http://?
[2020-06-05 20:29:49,544] {bash_operator.py:126} INFO - Error  Invalid URL '': No schema supplied. Perhaps you meant http://?
[2020-06-05 20:29:49,544] {bash_operator.py:126} INFO - Error  Invalid URL '': No schema supplied. Perhaps you meant http://?
[2020-06-05 20:29:49,544] {bash_operator.py:126} INFO - Error  Invalid URL '': No schema supplied. Perhaps you meant http://?
[2020-06-05 20:29:49,544] {bash_operator.py:126} INFO - Error  Invalid URL '': No schema supplied. Perhaps you meant http://?
[2020-06-05 20:29:49,544] {bash_operator.py:126} INFO - Error  Invalid URL '': No schema supplied. Perhaps you meant http://?
[2020-06-05 20:29:49,544] {bash_operator.py:126} INFO - Error  Invalid URL '': No schema supplied. Perhaps you meant http://?
[2020-06-05 20:29:49,544] {bash_operator.py:126} INFO - Error  Invalid URL '': No schema supplied. Perhaps you meant http://?
[2020-06-05 20:29:49,544] {bash_operator.py:126} INFO - Error  Invalid URL '': No schema supplied. Perhaps you meant http://?
[2020-06-05 20:29:49,545] {bash_operator.py:126} INFO - Error  Invalid URL '': No schema supplied. Perhaps you meant http://?
[2020-06-05 20:29:49,545] {bash_operator.py:126} INFO - Error  Invalid URL '': No schema supplied. Perhaps you meant http://?
[2020-06-05 20:29:49,545] {bash_operator.py:126} INFO - Error  Invalid URL '': No schema supplied. Perhaps you meant http://?
[2020-06-05 20:29:49,545] {bash_operator.py:126} INFO - Error  Invalid URL '': No schema supplied. Perhaps you meant http://?
[2020-06-05 20:29:49,545] {bash_operator.py:126} INFO - Error  Invalid URL '': No schema supplied. Perhaps you meant http://?
[2020-06-05 20:29:49,545] {bash_operator.py:126} INFO - Error  Invalid URL '': No schema supplied. Perhaps you meant http://?
[2020-06-05 20:29:49,545] {bash_operator.py:126} INFO - Error  Invalid URL '': No schema supplied. Perhaps you meant http://?
[2020-06-05 20:29:49,545] {bash_operator.py:126} INFO - Error  Invalid URL '': No schema supplied. Perhaps you meant http://?
[2020-06-05 20:29:49,545] {bash_operator.py:126} INFO - Error  Invalid URL '': No schema supplied. Perhaps you meant http://?
[2020-06-05 20:29:49,545] {bash_operator.py:126} INFO - Error  Invalid URL '': No schema supplied. Perhaps you meant http://?
[2020-06-05 20:29:49,545] {bash_operator.py:126} INFO - Error  Invalid URL '': No schema supplied. Perhaps you meant http://?
[2020-06-05 20:29:49,545] {bash_operator.py:126} INFO - Error  Invalid URL '': No schema supplied. Perhaps you meant http://?
[2020-06-05 20:29:49,545] {bash_operator.py:126} INFO - Error  Invalid URL '': No schema supplied. Perhaps you meant http://?
[2020-06-05 20:29:49,545] {bash_operator.py:126} INFO - Error  Invalid URL '': No schema supplied. Perhaps you meant http://?
[2020-06-05 20:29:49,545] {bash_operator.py:126} INFO - Error  Invalid URL '': No schema supplied. Perhaps you meant http://?
[2020-06-05 20:29:49,545] {bash_operator.py:126} INFO - Error  Invalid URL '': No schema supplied. Perhaps you meant http://?
[2020-06-05 20:29:49,545] {bash_operator.py:126} INFO - Error  Invalid URL '': No schema supplied. Perhaps you meant http://?
[2020-06-05 20:29:49,545] {bash_operator.py:126} INFO - Error  Invalid URL '': No schema supplied. Perhaps you meant http://?
[2020-06-05 20:29:49,545] {bash_operator.py:126} INFO - Error  Invalid URL '': No schema supplied. Perhaps you meant http://?
[2020-06-05 20:29:49,545] {bash_operator.py:126} INFO - Error  Invalid URL '': No schema supplied. Perhaps you meant http://?
[2020-06-05 20:29:49,545] {bash_operator.py:126} INFO - Error  Invalid URL '': No schema supplied. Perhaps you meant http://?
[2020-06-05 20:29:49,545] {bash_operator.py:126} INFO - Error  Invalid URL '': No schema supplied. Perhaps you meant http://?
[2020-06-05 20:29:49,545] {bash_operator.py:126} INFO - Error  Invalid URL '': No schema supplied. Perhaps you meant http://?
[2020-06-05 20:29:49,545] {bash_operator.py:126} INFO - Error  Invalid URL '': No schema supplied. Perhaps you meant http://?
[2020-06-05 20:29:49,545] {bash_operator.py:126} INFO - Error  Invalid URL '': No schema supplied. Perhaps you meant http://?
[2020-06-05 20:29:49,545] {bash_operator.py:126} INFO - Error  Invalid URL '': No schema supplied. Perhaps you meant http://?
[2020-06-05 20:29:49,546] {bash_operator.py:126} INFO - Error  Invalid URL '': No schema supplied. Perhaps you meant http://?
[2020-06-05 20:29:49,559] {bash_operator.py:126} INFO - grass
[2020-06-05 20:29:49,901] {bash_operator.py:126} INFO - █dandelion
[2020-06-05 20:29:50,584] {bash_operator.py:126} INFO - █
[2020-06-05 20:29:50,584] {bash_operator.py:130} INFO - Command exited with return code 0
[2020-06-05 20:29:50,592] {taskinstance.py:1065} INFO - Marking task as SUCCESS.dag_id=ml_pipeline, task_id=download_images, execution_date=20200605T202857, start_date=20200605T202943, end_date=20200605T202950
[2020-06-05 20:29:53,193] {logging_mixin.py:112} INFO - [2020-06-05 20:29:53,192] {local_task_job.py:103} INFO - Task exited with return code 0
