[2020-06-05 20:55:43,537] {taskinstance.py:669} INFO - Dependencies all met for <TaskInstance: ml_pipeline.download_images 2020-06-05T20:55:29.312218+00:00 [queued]>
[2020-06-05 20:55:43,543] {taskinstance.py:669} INFO - Dependencies all met for <TaskInstance: ml_pipeline.download_images 2020-06-05T20:55:29.312218+00:00 [queued]>
[2020-06-05 20:55:43,543] {taskinstance.py:879} INFO - 
--------------------------------------------------------------------------------
[2020-06-05 20:55:43,544] {taskinstance.py:880} INFO - Starting attempt 1 of 2
[2020-06-05 20:55:43,544] {taskinstance.py:881} INFO - 
--------------------------------------------------------------------------------
[2020-06-05 20:55:43,553] {taskinstance.py:900} INFO - Executing <Task(BashOperator): download_images> on 2020-06-05T20:55:29.312218+00:00
[2020-06-05 20:55:43,556] {standard_task_runner.py:53} INFO - Started process 26025 to run task
[2020-06-05 20:55:43,606] {logging_mixin.py:112} INFO - Running %s on host %s <TaskInstance: ml_pipeline.download_images 2020-06-05T20:55:29.312218+00:00 [running]> airflow.us-central1-a.c.greenr-276821.internal
[2020-06-05 20:55:43,618] {bash_operator.py:82} INFO - Tmp dir root location: 
 /tmp
[2020-06-05 20:55:43,619] {bash_operator.py:105} INFO - Temporary script location: /tmp/airflowtmp507q2f0w/download_imageslpb1wiph
[2020-06-05 20:55:43,619] {bash_operator.py:115} INFO - Running command: python3 /home/binhphansamsung/airflow/scripts/download_images.py
[2020-06-05 20:55:43,626] {bash_operator.py:122} INFO - Output:
[2020-06-05 20:55:52,015] {bash_operator.py:126} INFO - ██grass
[2020-06-05 20:55:52,387] {bash_operator.py:126} INFO - █dandelion
[2020-06-05 20:55:53,160] {bash_operator.py:126} INFO - █
[2020-06-05 20:55:53,160] {bash_operator.py:130} INFO - Command exited with return code 0
[2020-06-05 20:55:53,168] {taskinstance.py:1065} INFO - Marking task as SUCCESS.dag_id=ml_pipeline, task_id=download_images, execution_date=20200605T205529, start_date=20200605T205543, end_date=20200605T205553
[2020-06-05 20:55:53,533] {logging_mixin.py:112} INFO - [2020-06-05 20:55:53,532] {local_task_job.py:103} INFO - Task exited with return code 0
